# JRE version: OpenJDK Runtime Environment Temurin-21.0.8+9 (21.0.8+9) (build 21.0.8+9-LTS)
# Java VM: OpenJDK 64-Bit Server VM Temurin-21.0.8+9 (21.0.8+9-LTS, mixed mode, sharing, tiered, compressed oops, compressed class ptrs, parallel gc, windows-amd64)
GC Precious Log:
 CardTable entry size: 512
 CPUs: 4 total, 4 available
 Memory: 6086M
 Large Page Support: Disabled
 NUMA Support: Disabled
 Compressed Oops: Enabled (32-bit)
 Alignments: Space 512K, Generation 512K, Heap 2M
 Heap Min Capacity: 100M
 Heap Initial Capacity: 100M
 Heap Max Capacity: 2G
 Pre-touch: Disabled
 Parallel Workers: 4
Heap:
 PSYoungGen      total 3072K, used 2408K [0x00000000d5580000, 0x00000000d5980000, 0x0000000100000000)
  eden space 2560K, 77% used [0x00000000d5580000,0x00000000d57722e0,0x00000000d5800000)
  from space 512K, 81% used [0x00000000d5880000,0x00000000d58e8000,0x00000000d5900000)
  to   space 512K, 0% used [0x00000000d5900000,0x00000000d5900000,0x00000000d5980000)
 ParOldGen       total 633856K, used 633476K [0x0000000080000000, 0x00000000a6b00000, 0x00000000d5580000)
  object space 633856K, 99% used [0x0000000080000000,0x00000000a6aa12a8,0x00000000a6b00000)
 Metaspace       used 71745K, committed 73344K, reserved 1114112K
  class space    used 7713K, committed 8448K, reserved 1048576K
GC Heap History (20 events):
Event: 85.409 GC heap before
{Heap before GC invocations=911 (full 3):
 PSYoungGen      total 3584K, used 2854K [0x00000000d5580000, 0x00000000d5a00000, 0x0000000100000000)
  eden space 2560K, 97% used [0x00000000d5580000,0x00000000d57f18d0,0x00000000d5800000)
  from space 1024K, 34% used [0x00000000d5880000,0x00000000d58d8000,0x00000000d5980000)
  to   space 512K, 0% used [0x00000000d5980000,0x00000000d5980000,0x00000000d5a00000)
 ParOldGen       total 624128K, used 623992K [0x0000000080000000, 0x00000000a6180000, 0x00000000d5580000)
  object space 624128K, 99% used [0x0000000080000000,0x00000000a615e3b0,0x00000000a6180000)
 Metaspace       used 71374K, committed 72960K, reserved 1114112K
  class space    used 7681K, committed 8384K, reserved 1048576K
}
Event: 85.415 GC heap after
{Heap after GC invocations=911 (full 3):
 PSYoungGen      total 3072K, used 320K [0x00000000d5580000, 0x00000000d5a00000, 0x0000000100000000)
  eden space 2560K, 0% used [0x00000000d5580000,0x00000000d5580000,0x00000000d5800000)
  from space 512K, 62% used [0x00000000d5980000,0x00000000d59d0000,0x00000000d5a00000)
  to   space 512K, 0% used [0x00000000d5900000,0x00000000d5900000,0x00000000d5980000)
 ParOldGen       total 626176K, used 625792K [0x0000000080000000, 0x00000000a6380000, 0x00000000d5580000)
  object space 626176K, 99% used [0x0000000080000000,0x00000000a63200c8,0x00000000a6380000)
 Metaspace       used 71374K, committed 72960K, reserved 1114112K
  class space    used 7681K, committed 8384K, reserved 1048576K
}
Event: 85.432 GC heap before
{Heap before GC invocations=912 (full 3):
 PSYoungGen      total 3072K, used 2530K [0x00000000d5580000, 0x00000000d5a00000, 0x0000000100000000)
  eden space 2560K, 86% used [0x00000000d5580000,0x00000000d57a8b28,0x00000000d5800000)
  from space 512K, 62% used [0x00000000d5980000,0x00000000d59d0000,0x00000000d5a00000)
  to   space 512K, 0% used [0x00000000d5900000,0x00000000d5900000,0x00000000d5980000)
 ParOldGen       total 627712K, used 627271K [0x0000000080000000, 0x00000000a6500000, 0x00000000d5580000)
  object space 627712K, 99% used [0x0000000080000000,0x00000000a6491de0,0x00000000a6500000)
 Metaspace       used 71397K, committed 72960K, reserved 1114112K
  class space    used 7683K, committed 8384K, reserved 1048576K
}
Event: 85.436 GC heap after
{Heap after GC invocations=912 (full 3):
 PSYoungGen      total 3072K, used 490K [0x00000000d5580000, 0x00000000d5b00000, 0x0000000100000000)
  eden space 2560K, 0% used [0x00000000d5580000,0x00000000d5580000,0x00000000d5800000)
  from space 512K, 95% used [0x00000000d5900000,0x00000000d597a9c0,0x00000000d5980000)
  to   space 1536K, 0% used [0x00000000d5980000,0x00000000d5980000,0x00000000d5b00000)
 ParOldGen       total 628224K, used 627891K [0x0000000080000000, 0x00000000a6580000, 0x00000000d5580000)
  object space 628224K, 99% used [0x0000000080000000,0x00000000a652ce20,0x00000000a6580000)
 Metaspace       used 71397K, committed 72960K, reserved 1114112K
  class space    used 7683K, committed 8384K, reserved 1048576K
}
Event: 85.449 GC heap before
{Heap before GC invocations=913 (full 3):
 PSYoungGen      total 3072K, used 2895K [0x00000000d5580000, 0x00000000d5b00000, 0x0000000100000000)
  eden space 2560K, 93% used [0x00000000d5580000,0x00000000d57d9580,0x00000000d5800000)
  from space 512K, 95% used [0x00000000d5900000,0x00000000d597a9c0,0x00000000d5980000)
  to   space 1536K, 0% used [0x00000000d5980000,0x00000000d5980000,0x00000000d5b00000)
 ParOldGen       total 628224K, used 627891K [0x0000000080000000, 0x00000000a6580000, 0x00000000d5580000)
  object space 628224K, 99% used [0x0000000080000000,0x00000000a652ce20,0x00000000a6580000)
 Metaspace       used 71397K, committed 72960K, reserved 1114112K
  class space    used 7683K, committed 8384K, reserved 1048576K
}
Event: 85.453 GC heap after
{Heap after GC invocations=913 (full 3):
 PSYoungGen      total 3584K, used 617K [0x00000000d5580000, 0x00000000d5a80000, 0x0000000100000000)
  eden space 2560K, 0% used [0x00000000d5580000,0x00000000d5580000,0x00000000d5800000)
  from space 1024K, 60% used [0x00000000d5980000,0x00000000d5a1a538,0x00000000d5a80000)
  to   space 1024K, 0% used [0x00000000d5880000,0x00000000d5880000,0x00000000d5980000)
 ParOldGen       total 629760K, used 629440K [0x0000000080000000, 0x00000000a6700000, 0x00000000d5580000)
  object space 629760K, 99% used [0x0000000080000000,0x00000000a66b01d8,0x00000000a6700000)
 Metaspace       used 71397K, committed 72960K, reserved 1114112K
  class space    used 7683K, committed 8384K, reserved 1048576K
}
Event: 85.744 GC heap before
{Heap before GC invocations=914 (full 3):
 PSYoungGen      total 3584K, used 3177K [0x00000000d5580000, 0x00000000d5a80000, 0x0000000100000000)
  eden space 2560K, 99% used [0x00000000d5580000,0x00000000d57ffff0,0x00000000d5800000)
  from space 1024K, 60% used [0x00000000d5980000,0x00000000d5a1a538,0x00000000d5a80000)
  to   space 1024K, 0% used [0x00000000d5880000,0x00000000d5880000,0x00000000d5980000)
 ParOldGen       total 629760K, used 629440K [0x0000000080000000, 0x00000000a6700000, 0x00000000d5580000)
  object space 629760K, 99% used [0x0000000080000000,0x00000000a66b01d8,0x00000000a6700000)
 Metaspace       used 71409K, committed 72960K, reserved 1114112K
  class space    used 7683K, committed 8384K, reserved 1048576K
}
Event: 85.748 GC heap after
{Heap after GC invocations=914 (full 3):
 PSYoungGen      total 3072K, used 480K [0x00000000d5580000, 0x00000000d5a00000, 0x0000000100000000)
  eden space 2560K, 0% used [0x00000000d5580000,0x00000000d5580000,0x00000000d5800000)
  from space 512K, 93% used [0x00000000d5880000,0x00000000d58f8000,0x00000000d5900000)
  to   space 1024K, 0% used [0x00000000d5900000,0x00000000d5900000,0x00000000d5a00000)
 ParOldGen       total 629760K, used 629584K [0x0000000080000000, 0x00000000a6700000, 0x00000000d5580000)
  object space 629760K, 99% used [0x0000000080000000,0x00000000a66d41d8,0x00000000a6700000)
 Metaspace       used 71409K, committed 72960K, reserved 1114112K
  class space    used 7683K, committed 8384K, reserved 1048576K
}
Event: 85.857 GC heap before
{Heap before GC invocations=915 (full 3):
 PSYoungGen      total 3072K, used 3040K [0x00000000d5580000, 0x00000000d5a00000, 0x0000000100000000)
  eden space 2560K, 100% used [0x00000000d5580000,0x00000000d5800000,0x00000000d5800000)
  from space 512K, 93% used [0x00000000d5880000,0x00000000d58f8000,0x00000000d5900000)
  to   space 1024K, 0% used [0x00000000d5900000,0x00000000d5900000,0x00000000d5a00000)
 ParOldGen       total 629760K, used 629584K [0x0000000080000000, 0x00000000a6700000, 0x00000000d5580000)
  object space 629760K, 99% used [0x0000000080000000,0x00000000a66d41d8,0x00000000a6700000)
 Metaspace       used 71622K, committed 73216K, reserved 1114112K
  class space    used 7700K, committed 8384K, reserved 1048576K
}
Event: 85.860 GC heap after
{Heap after GC invocations=915 (full 3):
 PSYoungGen      total 3072K, used 352K [0x00000000d5580000, 0x00000000d5980000, 0x0000000100000000)
  eden space 2560K, 0% used [0x00000000d5580000,0x00000000d5580000,0x00000000d5800000)
  from space 512K, 68% used [0x00000000d5900000,0x00000000d5958000,0x00000000d5980000)
  to   space 512K, 0% used [0x00000000d5880000,0x00000000d5880000,0x00000000d5900000)
 ParOldGen       total 630272K, used 629960K [0x0000000080000000, 0x00000000a6780000, 0x00000000d5580000)
  object space 630272K, 99% used [0x0000000080000000,0x00000000a67321d8,0x00000000a6780000)
 Metaspace       used 71622K, committed 73216K, reserved 1114112K
  class space    used 7700K, committed 8384K, reserved 1048576K
}
Event: 85.904 GC heap before
{Heap before GC invocations=916 (full 3):
 PSYoungGen      total 3072K, used 2912K [0x00000000d5580000, 0x00000000d5980000, 0x0000000100000000)
  eden space 2560K, 100% used [0x00000000d5580000,0x00000000d5800000,0x00000000d5800000)
  from space 512K, 68% used [0x00000000d5900000,0x00000000d5958000,0x00000000d5980000)
  to   space 512K, 0% used [0x00000000d5880000,0x00000000d5880000,0x00000000d5900000)
 ParOldGen       total 630272K, used 629960K [0x0000000080000000, 0x00000000a6780000, 0x00000000d5580000)
  object space 630272K, 99% used [0x0000000080000000,0x00000000a67321d8,0x00000000a6780000)
 Metaspace       used 71730K, committed 73344K, reserved 1114112K
  class space    used 7713K, committed 8448K, reserved 1048576K
}
Event: 85.906 GC heap after
{Heap after GC invocations=916 (full 3):
 PSYoungGen      total 3072K, used 128K [0x00000000d5580000, 0x00000000d5980000, 0x0000000100000000)
  eden space 2560K, 0% used [0x00000000d5580000,0x00000000d5580000,0x00000000d5800000)
  from space 512K, 25% used [0x00000000d5880000,0x00000000d58a0000,0x00000000d5900000)
  to   space 512K, 0% used [0x00000000d5900000,0x00000000d5900000,0x00000000d5980000)
 ParOldGen       total 630272K, used 630256K [0x0000000080000000, 0x00000000a6780000, 0x00000000d5580000)
  object space 630272K, 99% used [0x0000000080000000,0x00000000a677c1d8,0x00000000a6780000)
 Metaspace       used 71730K, committed 73344K, reserved 1114112K
  class space    used 7713K, committed 8448K, reserved 1048576K
}
Event: 85.959 GC heap before
{Heap before GC invocations=917 (full 3):
 PSYoungGen      total 3072K, used 2676K [0x00000000d5580000, 0x00000000d5980000, 0x0000000100000000)
  eden space 2560K, 99% used [0x00000000d5580000,0x00000000d57fd370,0x00000000d5800000)
  from space 512K, 25% used [0x00000000d5880000,0x00000000d58a0000,0x00000000d5900000)
  to   space 512K, 0% used [0x00000000d5900000,0x00000000d5900000,0x00000000d5980000)
 ParOldGen       total 630272K, used 630256K [0x0000000080000000, 0x00000000a6780000, 0x00000000d5580000)
  object space 630272K, 99% used [0x0000000080000000,0x00000000a677c1d8,0x00000000a6780000)
 Metaspace       used 71739K, committed 73344K, reserved 1114112K
  class space    used 7713K, committed 8448K, reserved 1048576K
}
Event: 85.961 GC heap after
{Heap after GC invocations=917 (full 3):
 PSYoungGen      total 3072K, used 96K [0x00000000d5580000, 0x00000000d5980000, 0x0000000100000000)
  eden space 2560K, 0% used [0x00000000d5580000,0x00000000d5580000,0x00000000d5800000)
  from space 512K, 18% used [0x00000000d5900000,0x00000000d5918000,0x00000000d5980000)
  to   space 512K, 0% used [0x00000000d5880000,0x00000000d5880000,0x00000000d5900000)
 ParOldGen       total 630784K, used 630288K [0x0000000080000000, 0x00000000a6800000, 0x00000000d5580000)
  object space 630784K, 99% used [0x0000000080000000,0x00000000a67841d8,0x00000000a6800000)
 Metaspace       used 71739K, committed 73344K, reserved 1114112K
  class space    used 7713K, committed 8448K, reserved 1048576K
}
Event: 85.972 GC heap before
{Heap before GC invocations=918 (full 3):
 PSYoungGen      total 3072K, used 2641K [0x00000000d5580000, 0x00000000d5980000, 0x0000000100000000)
  eden space 2560K, 99% used [0x00000000d5580000,0x00000000d57fc568,0x00000000d5800000)
  from space 512K, 18% used [0x00000000d5900000,0x00000000d5918000,0x00000000d5980000)
  to   space 512K, 0% used [0x00000000d5880000,0x00000000d5880000,0x00000000d5900000)
 ParOldGen       total 630784K, used 630288K [0x0000000080000000, 0x00000000a6800000, 0x00000000d5580000)
  object space 630784K, 99% used [0x0000000080000000,0x00000000a67841d8,0x00000000a6800000)
 Metaspace       used 71742K, committed 73344K, reserved 1114112K
  class space    used 7713K, committed 8448K, reserved 1048576K
}
Event: 85.975 GC heap after
{Heap after GC invocations=918 (full 3):
 PSYoungGen      total 3072K, used 441K [0x00000000d5580000, 0x00000000d5980000, 0x0000000100000000)
  eden space 2560K, 0% used [0x00000000d5580000,0x00000000d5580000,0x00000000d5800000)
  from space 512K, 86% used [0x00000000d5880000,0x00000000d58ee4e8,0x00000000d5900000)
  to   space 512K, 0% used [0x00000000d5900000,0x00000000d5900000,0x00000000d5980000)
 ParOldGen       total 632320K, used 631791K [0x0000000080000000, 0x00000000a6980000, 0x00000000d5580000)
  object space 632320K, 99% used [0x0000000080000000,0x00000000a68fbef0,0x00000000a6980000)
 Metaspace       used 71742K, committed 73344K, reserved 1114112K
  class space    used 7713K, committed 8448K, reserved 1048576K
}
Event: 86.032 GC heap before
{Heap before GC invocations=919 (full 3):
 PSYoungGen      total 3072K, used 3001K [0x00000000d5580000, 0x00000000d5980000, 0x0000000100000000)
  eden space 2560K, 100% used [0x00000000d5580000,0x00000000d5800000,0x00000000d5800000)
  from space 512K, 86% used [0x00000000d5880000,0x00000000d58ee4e8,0x00000000d5900000)
  to   space 512K, 0% used [0x00000000d5900000,0x00000000d5900000,0x00000000d5980000)
 ParOldGen       total 632320K, used 631791K [0x0000000080000000, 0x00000000a6980000, 0x00000000d5580000)
  object space 632320K, 99% used [0x0000000080000000,0x00000000a68fbef0,0x00000000a6980000)
 Metaspace       used 71742K, committed 73344K, reserved 1114112K
  class space    used 7713K, committed 8448K, reserved 1048576K
}
Event: 86.035 GC heap after
{Heap after GC invocations=919 (full 3):
 PSYoungGen      total 3072K, used 476K [0x00000000d5580000, 0x00000000d5980000, 0x0000000100000000)
  eden space 2560K, 0% used [0x00000000d5580000,0x00000000d5580000,0x00000000d5800000)
  from space 512K, 93% used [0x00000000d5900000,0x00000000d59771c8,0x00000000d5980000)
  to   space 512K, 0% used [0x00000000d5880000,0x00000000d5880000,0x00000000d5900000)
 ParOldGen       total 633856K, used 633340K [0x0000000080000000, 0x00000000a6b00000, 0x00000000d5580000)
  object space 633856K, 99% used [0x0000000080000000,0x00000000a6a7f2a8,0x00000000a6b00000)
 Metaspace       used 71742K, committed 73344K, reserved 1114112K
  class space    used 7713K, committed 8448K, reserved 1048576K
}
Event: 86.416 GC heap before
{Heap before GC invocations=920 (full 3):
 PSYoungGen      total 3072K, used 3036K [0x00000000d5580000, 0x00000000d5980000, 0x0000000100000000)
  eden space 2560K, 100% used [0x00000000d5580000,0x00000000d5800000,0x00000000d5800000)
  from space 512K, 93% used [0x00000000d5900000,0x00000000d59771c8,0x00000000d5980000)
  to   space 512K, 0% used [0x00000000d5880000,0x00000000d5880000,0x00000000d5900000)
 ParOldGen       total 633856K, used 633340K [0x0000000080000000, 0x00000000a6b00000, 0x00000000d5580000)
  object space 633856K, 99% used [0x0000000080000000,0x00000000a6a7f2a8,0x00000000a6b00000)
 Metaspace       used 71742K, committed 73344K, reserved 1114112K
  class space    used 7713K, committed 8448K, reserved 1048576K
}
Event: 86.420 GC heap after
{Heap after GC invocations=920 (full 3):
 PSYoungGen      total 3072K, used 416K [0x00000000d5580000, 0x00000000d5980000, 0x0000000100000000)
  eden space 2560K, 0% used [0x00000000d5580000,0x00000000d5580000,0x00000000d5800000)
  from space 512K, 81% used [0x00000000d5880000,0x00000000d58e8000,0x00000000d5900000)
  to   space 512K, 0% used [0x00000000d5900000,0x00000000d5900000,0x00000000d5980000)
 ParOldGen       total 633856K, used 633476K [0x0000000080000000, 0x00000000a6b00000, 0x00000000d5580000)
  object space 633856K, 99% used [0x0000000080000000,0x00000000a6aa12a8,0x00000000a6b00000)
 Metaspace       used 71742K, committed 73344K, reserved 1114112K
  class space    used 7713K, committed 8448K, reserved 1048576K
}

